<?xml version="1.0" encoding="UTF-8"?>
<ns2:test-suite xmlns:ns2="urn:model.allure.qatools.yandex.ru" start="1482043631895" stop="1482043632332">
	<name>Test Gmail</name>
	<title>Test Gmail</title>
	<test-cases>
		<test-case start="1482043631899" stop="1482043632140" status="failed">
			<name>Validate user credentials</name>
			<title>Validate user credentials</title>
			<description></description>
			<labels>
			</labels>
			<parameters>
			</parameters>
			<steps>
			</steps>
			<attachments>
				<attachment title="Screenshot" source="eea5b17e-943d-46a8-8463-c28f0075f143-attachment.png" type="image/png" size="2884"/>
			</attachments>
			<failure>
				<message>Failed: data is not defined</message>
				<stack-trace>ReferenceError: data is not defined
    at Object.&lt;anonymous&gt; (C:\Users\Dipjyoti\WebstormProjects\quickstart\e2e\PageObjects\gmailLogin.js:18:33)
    at C:\Users\Dipjyoti\WebstormProjects\quickstart\node_modules\jasminewd2\index.js:94:23
    at new ManagedPromise (C:\Users\Dipjyoti\WebstormProjects\quickstart\node_modules\selenium-webdriver\lib\promise.js:1082:7)
    at controlFlowExecute (C:\Users\Dipjyoti\WebstormProjects\quickstart\node_modules\jasminewd2\index.js:80:18)
    at TaskQueue.execute_ (C:\Users\Dipjyoti\WebstormProjects\quickstart\node_modules\selenium-webdriver\lib\promise.js:2913:14)
    at TaskQueue.executeNext_ (C:\Users\Dipjyoti\WebstormProjects\quickstart\node_modules\selenium-webdriver\lib\promise.js:2896:21)
    at asyncRun (C:\Users\Dipjyoti\WebstormProjects\quickstart\node_modules\selenium-webdriver\lib\promise.js:2820:25)
    at C:\Users\Dipjyoti\WebstormProjects\quickstart\node_modules\selenium-webdriver\lib\promise.js:639:7
    at process._tickCallback (internal/process/next_tick.js:103:7)
From: Task: Run beforeEach in control flow
    at Object.&lt;anonymous&gt; (C:\Users\Dipjyoti\WebstormProjects\quickstart\node_modules\jasminewd2\index.js:79:14)
    at attemptAsync (C:\Users\Dipjyoti\WebstormProjects\quickstart\node_modules\jasmine-core\lib\jasmine-core\jasmine.js:1916:24)
    at QueueRunner.run (C:\Users\Dipjyoti\WebstormProjects\quickstart\node_modules\jasmine-core\lib\jasmine-core\jasmine.js:1871:9)
    at QueueRunner.execute (C:\Users\Dipjyoti\WebstormProjects\quickstart\node_modules\jasmine-core\lib\jasmine-core\jasmine.js:1859:10)
    at Spec.queueRunnerFactory (C:\Users\Dipjyoti\WebstormProjects\quickstart\node_modules\jasmine-core\lib\jasmine-core\jasmine.js:697:35)
    at Spec.execute (C:\Users\Dipjyoti\WebstormProjects\quickstart\node_modules\jasmine-core\lib\jasmine-core\jasmine.js:359:10)
    at Object.fn (C:\Users\Dipjyoti\WebstormProjects\quickstart\node_modules\jasmine-core\lib\jasmine-core\jasmine.js:2479:37)
    at attemptAsync (C:\Users\Dipjyoti\WebstormProjects\quickstart\node_modules\jasmine-core\lib\jasmine-core\jasmine.js:1916:24)
    at QueueRunner.run (C:\Users\Dipjyoti\WebstormProjects\quickstart\node_modules\jasmine-core\lib\jasmine-core\jasmine.js:1871:9)
    at QueueRunner.execute (C:\Users\Dipjyoti\WebstormProjects\quickstart\node_modules\jasmine-core\lib\jasmine-core\jasmine.js:1859:10)
    at queueRunnerFactory (C:\Users\Dipjyoti\WebstormProjects\quickstart\node_modules\jasmine-core\lib\jasmine-core\jasmine.js:697:35)
    at Object.fn (C:\Users\Dipjyoti\WebstormProjects\quickstart\node_modules\jasmine-core\lib\jasmine-core\jasmine.js:2464:13)
    at attemptAsync (C:\Users\Dipjyoti\WebstormProjects\quickstart\node_modules\jasmine-core\lib\jasmine-core\jasmine.js:1916:24)
    at QueueRunner.run (C:\Users\Dipjyoti\WebstormProjects\quickstart\node_modules\jasmine-core\lib\jasmine-core\jasmine.js:1871:9)
    at QueueRunner.execute (C:\Users\Dipjyoti\WebstormProjects\quickstart\node_modules\jasmine-core\lib\jasmine-core\jasmine.js:1859:10)
    at queueRunnerFactory (C:\Users\Dipjyoti\WebstormProjects\quickstart\node_modules\jasmine-core\lib\jasmine-core\jasmine.js:697:35)
    at TreeProcessor.execute (C:\Users\Dipjyoti\WebstormProjects\quickstart\node_modules\jasmine-core\lib\jasmine-core\jasmine.js:2326:7)
    at Env.execute (C:\Users\Dipjyoti\WebstormProjects\quickstart\node_modules\jasmine-core\lib\jasmine-core\jasmine.js:757:17)
    at Jasmine.execute (C:\Users\Dipjyoti\WebstormProjects\quickstart\node_modules\protractor\node_modules\jasmine\lib\jasmine.js:169:12)
    at C:\Users\Dipjyoti\WebstormProjects\quickstart\node_modules\protractor\built\frameworks\jasmine.js:129:15
    at Function.promise (C:\Users\Dipjyoti\WebstormProjects\quickstart\node_modules\q\q.js:682:9)
    at C:\Users\Dipjyoti\WebstormProjects\quickstart\node_modules\protractor\built\frameworks\jasmine.js:101:14
    at _fulfilled (C:\Users\Dipjyoti\WebstormProjects\quickstart\node_modules\q\q.js:834:54)
    at self.promiseDispatch.done (C:\Users\Dipjyoti\WebstormProjects\quickstart\node_modules\q\q.js:863:30)
    at Promise.promise.promiseDispatch (C:\Users\Dipjyoti\WebstormProjects\quickstart\node_modules\q\q.js:796:13)
    at C:\Users\Dipjyoti\WebstormProjects\quickstart\node_modules\q\q.js:556:49
    at runSingle (C:\Users\Dipjyoti\WebstormProjects\quickstart\node_modules\q\q.js:137:13)
    at flush (C:\Users\Dipjyoti\WebstormProjects\quickstart\node_modules\q\q.js:125:13)
    at _combinedTickCallback (internal/process/next_tick.js:67:7)
    at process._tickCallback (internal/process/next_tick.js:98:9)
From asynchronous test: 
Error
    at Suite.&lt;anonymous&gt; (C:\Users\Dipjyoti\WebstormProjects\quickstart\e2e\PageObjects\gmailLogin.js:12:3)
    at addSpecsToSuite (C:\Users\Dipjyoti\WebstormProjects\quickstart\node_modules\jasmine-core\lib\jasmine-core\jasmine.js:833:25)
    at Env.describe (C:\Users\Dipjyoti\WebstormProjects\quickstart\node_modules\jasmine-core\lib\jasmine-core\jasmine.js:802:7)
    at describe (C:\Users\Dipjyoti\WebstormProjects\quickstart\node_modules\jasmine-core\lib\jasmine-core\jasmine.js:3375:18)
    at Object.&lt;anonymous&gt; (C:\Users\Dipjyoti\WebstormProjects\quickstart\e2e\PageObjects\gmailLogin.js:9:1)
    at Module._compile (module.js:571:32)
    at Object.Module._extensions..js (module.js:580:10)
    at Module.load (C:\Users\Dipjyoti\WebstormProjects\quickstart\node_modules\coffee-script\lib\coffee-script\register.js:45:36)
    at tryModuleLoad (module.js:447:12)
    at Function.Module._load (module.js:439:3)
    at Module.require (module.js:498:17)
    at require (internal/module.js:20:19)
    at C:\Users\Dipjyoti\WebstormProjects\quickstart\node_modules\protractor\node_modules\jasmine\lib\jasmine.js:71:5
    at Array.forEach (native)
    at Jasmine.loadSpecs (C:\Users\Dipjyoti\WebstormProjects\quickstart\node_modules\protractor\node_modules\jasmine\lib\jasmine.js:70:18)
    at Jasmine.execute (C:\Users\Dipjyoti\WebstormProjects\quickstart\node_modules\protractor\node_modules\jasmine\lib\jasmine.js:154:8)
    at C:\Users\Dipjyoti\WebstormProjects\quickstart\node_modules\protractor\built\frameworks\jasmine.js:129:15
    at Function.promise (C:\Users\Dipjyoti\WebstormProjects\quickstart\node_modules\q\q.js:682:9)
    at C:\Users\Dipjyoti\WebstormProjects\quickstart\node_modules\protractor\built\frameworks\jasmine.js:101:14
    at _fulfilled (C:\Users\Dipjyoti\WebstormProjects\quickstart\node_modules\q\q.js:834:54)
    at self.promiseDispatch.done (C:\Users\Dipjyoti\WebstormProjects\quickstart\node_modules\q\q.js:863:30)
    at Promise.promise.promiseDispatch (C:\Users\Dipjyoti\WebstormProjects\quickstart\node_modules\q\q.js:796:13)
    at C:\Users\Dipjyoti\WebstormProjects\quickstart\node_modules\q\q.js:556:49
    at runSingle (C:\Users\Dipjyoti\WebstormProjects\quickstart\node_modules\q\q.js:137:13)
    at flush (C:\Users\Dipjyoti\WebstormProjects\quickstart\node_modules\q\q.js:125:13)
    at _combinedTickCallback (internal/process/next_tick.js:67:7)
    at process._tickCallback (internal/process/next_tick.js:98:9)</stack-trace>
			</failure>
		</test-case>
		<test-case start="1482043632143" stop="1482043632330" status="failed">
			<name>Validate user credentials</name>
			<title>Validate user credentials</title>
			<description></description>
			<labels>
			</labels>
			<parameters>
			</parameters>
			<steps>
			</steps>
			<attachments>
				<attachment title="Screenshot" source="ddcfca60-6b8f-4802-8764-8b40ca02d9fb-attachment.png" type="image/png" size="2884"/>
			</attachments>
			<failure>
				<message>Failed: data is not defined</message>
				<stack-trace>ReferenceError: data is not defined
    at Object.&lt;anonymous&gt; (C:\Users\Dipjyoti\WebstormProjects\quickstart\e2e\PageObjects\gmailLogin.js:18:33)
    at C:\Users\Dipjyoti\WebstormProjects\quickstart\node_modules\jasminewd2\index.js:94:23
    at new ManagedPromise (C:\Users\Dipjyoti\WebstormProjects\quickstart\node_modules\selenium-webdriver\lib\promise.js:1082:7)
    at controlFlowExecute (C:\Users\Dipjyoti\WebstormProjects\quickstart\node_modules\jasminewd2\index.js:80:18)
    at TaskQueue.execute_ (C:\Users\Dipjyoti\WebstormProjects\quickstart\node_modules\selenium-webdriver\lib\promise.js:2913:14)
    at TaskQueue.executeNext_ (C:\Users\Dipjyoti\WebstormProjects\quickstart\node_modules\selenium-webdriver\lib\promise.js:2896:21)
    at asyncRun (C:\Users\Dipjyoti\WebstormProjects\quickstart\node_modules\selenium-webdriver\lib\promise.js:2820:25)
    at C:\Users\Dipjyoti\WebstormProjects\quickstart\node_modules\selenium-webdriver\lib\promise.js:639:7
    at process._tickCallback (internal/process/next_tick.js:103:7)
From: Task: Run beforeEach in control flow
    at Object.&lt;anonymous&gt; (C:\Users\Dipjyoti\WebstormProjects\quickstart\node_modules\jasminewd2\index.js:79:14)
    at attemptAsync (C:\Users\Dipjyoti\WebstormProjects\quickstart\node_modules\jasmine-core\lib\jasmine-core\jasmine.js:1916:24)
    at QueueRunner.run (C:\Users\Dipjyoti\WebstormProjects\quickstart\node_modules\jasmine-core\lib\jasmine-core\jasmine.js:1871:9)
    at QueueRunner.execute (C:\Users\Dipjyoti\WebstormProjects\quickstart\node_modules\jasmine-core\lib\jasmine-core\jasmine.js:1859:10)
    at Spec.queueRunnerFactory (C:\Users\Dipjyoti\WebstormProjects\quickstart\node_modules\jasmine-core\lib\jasmine-core\jasmine.js:697:35)
    at Spec.execute (C:\Users\Dipjyoti\WebstormProjects\quickstart\node_modules\jasmine-core\lib\jasmine-core\jasmine.js:359:10)
    at Object.fn (C:\Users\Dipjyoti\WebstormProjects\quickstart\node_modules\jasmine-core\lib\jasmine-core\jasmine.js:2479:37)
    at attemptAsync (C:\Users\Dipjyoti\WebstormProjects\quickstart\node_modules\jasmine-core\lib\jasmine-core\jasmine.js:1916:24)
    at QueueRunner.run (C:\Users\Dipjyoti\WebstormProjects\quickstart\node_modules\jasmine-core\lib\jasmine-core\jasmine.js:1871:9)
    at C:\Users\Dipjyoti\WebstormProjects\quickstart\node_modules\jasmine-core\lib\jasmine-core\jasmine.js:1898:16
    at C:\Users\Dipjyoti\WebstormProjects\quickstart\node_modules\jasmine-core\lib\jasmine-core\jasmine.js:1842:9
    at complete (C:\Users\Dipjyoti\WebstormProjects\quickstart\node_modules\jasmine-core\lib\jasmine-core\jasmine.js:371:9)
    at QueueRunner.clearStack (C:\Users\Dipjyoti\WebstormProjects\quickstart\node_modules\jasmine-core\lib\jasmine-core\jasmine.js:660:9)
    at QueueRunner.run (C:\Users\Dipjyoti\WebstormProjects\quickstart\node_modules\jasmine-core\lib\jasmine-core\jasmine.js:1881:12)
    at C:\Users\Dipjyoti\WebstormProjects\quickstart\node_modules\jasmine-core\lib\jasmine-core\jasmine.js:1898:16
    at C:\Users\Dipjyoti\WebstormProjects\quickstart\node_modules\jasmine-core\lib\jasmine-core\jasmine.js:1842:9
    at C:\Users\Dipjyoti\WebstormProjects\quickstart\protractor.config.js:69:9
    at ManagedPromise.invokeCallback_ (C:\Users\Dipjyoti\WebstormProjects\quickstart\node_modules\selenium-webdriver\lib\promise.js:1379:14)
    at TaskQueue.execute_ (C:\Users\Dipjyoti\WebstormProjects\quickstart\node_modules\selenium-webdriver\lib\promise.js:2913:14)
    at TaskQueue.executeNext_ (C:\Users\Dipjyoti\WebstormProjects\quickstart\node_modules\selenium-webdriver\lib\promise.js:2896:21)
    at asyncRun (C:\Users\Dipjyoti\WebstormProjects\quickstart\node_modules\selenium-webdriver\lib\promise.js:2775:27)
    at C:\Users\Dipjyoti\WebstormProjects\quickstart\node_modules\selenium-webdriver\lib\promise.js:639:7
    at process._tickCallback (internal/process/next_tick.js:103:7)
From asynchronous test: 
Error
    at Suite.&lt;anonymous&gt; (C:\Users\Dipjyoti\WebstormProjects\quickstart\e2e\PageObjects\gmailLogin.js:12:3)
    at addSpecsToSuite (C:\Users\Dipjyoti\WebstormProjects\quickstart\node_modules\jasmine-core\lib\jasmine-core\jasmine.js:833:25)
    at Env.describe (C:\Users\Dipjyoti\WebstormProjects\quickstart\node_modules\jasmine-core\lib\jasmine-core\jasmine.js:802:7)
    at describe (C:\Users\Dipjyoti\WebstormProjects\quickstart\node_modules\jasmine-core\lib\jasmine-core\jasmine.js:3375:18)
    at Object.&lt;anonymous&gt; (C:\Users\Dipjyoti\WebstormProjects\quickstart\e2e\PageObjects\gmailLogin.js:9:1)
    at Module._compile (module.js:571:32)
    at Object.Module._extensions..js (module.js:580:10)
    at Module.load (C:\Users\Dipjyoti\WebstormProjects\quickstart\node_modules\coffee-script\lib\coffee-script\register.js:45:36)
    at tryModuleLoad (module.js:447:12)
    at Function.Module._load (module.js:439:3)
    at Module.require (module.js:498:17)
    at require (internal/module.js:20:19)
    at C:\Users\Dipjyoti\WebstormProjects\quickstart\node_modules\protractor\node_modules\jasmine\lib\jasmine.js:71:5
    at Array.forEach (native)
    at Jasmine.loadSpecs (C:\Users\Dipjyoti\WebstormProjects\quickstart\node_modules\protractor\node_modules\jasmine\lib\jasmine.js:70:18)
    at Jasmine.execute (C:\Users\Dipjyoti\WebstormProjects\quickstart\node_modules\protractor\node_modules\jasmine\lib\jasmine.js:154:8)
    at C:\Users\Dipjyoti\WebstormProjects\quickstart\node_modules\protractor\built\frameworks\jasmine.js:129:15
    at Function.promise (C:\Users\Dipjyoti\WebstormProjects\quickstart\node_modules\q\q.js:682:9)
    at C:\Users\Dipjyoti\WebstormProjects\quickstart\node_modules\protractor\built\frameworks\jasmine.js:101:14
    at _fulfilled (C:\Users\Dipjyoti\WebstormProjects\quickstart\node_modules\q\q.js:834:54)
    at self.promiseDispatch.done (C:\Users\Dipjyoti\WebstormProjects\quickstart\node_modules\q\q.js:863:30)
    at Promise.promise.promiseDispatch (C:\Users\Dipjyoti\WebstormProjects\quickstart\node_modules\q\q.js:796:13)
    at C:\Users\Dipjyoti\WebstormProjects\quickstart\node_modules\q\q.js:556:49
    at runSingle (C:\Users\Dipjyoti\WebstormProjects\quickstart\node_modules\q\q.js:137:13)
    at flush (C:\Users\Dipjyoti\WebstormProjects\quickstart\node_modules\q\q.js:125:13)
    at _combinedTickCallback (internal/process/next_tick.js:67:7)
    at process._tickCallback (internal/process/next_tick.js:98:9)</stack-trace>
			</failure>
		</test-case>
	</test-cases>
</ns2:test-suite>